2020-08-27 10:30:39 [scrapy.utils.log] INFO: Scrapy 2.0.0 started (bot: Guazi)
2020-08-27 10:30:39 [scrapy.utils.log] INFO: Versions: lxml 4.5.0.0, libxml2 2.9.10, cssselect 1.1.0, parsel 1.5.2, w3lib 1.21.0, Twisted 19.10.0, Python 3.6.9 (default, Apr 18 2020, 01:56:04) - [GCC 8.4.0], pyOpenSSL 19.1.0 (OpenSSL 1.1.1g  21 Apr 2020), cryptography 3.0, Platform Linux-4.18.0-15-generic-x86_64-with-Ubuntu-18.04-bionic
2020-08-27 10:30:39 [scrapy.crawler] INFO: Overridden settings:
{'BOT_NAME': 'Guazi',
 'COOKIES_ENABLED': False,
 'DOWNLOAD_DELAY': 1,
 'FEED_EXPORT_ENCODING': 'utf-8',
 'FEED_FORMAT': 'json',
 'FEED_URI': 'guazi.json',
 'LOG_FILE': 'guazi.log',
 'LOG_LEVEL': 'INFO',
 'NEWSPIDER_MODULE': 'Guazi.spiders',
 'SPIDER_MODULES': ['Guazi.spiders']}
2020-08-27 10:30:39 [scrapy.extensions.telnet] INFO: Telnet Password: b1b52bec56e73307
2020-08-27 10:30:39 [scrapy.middleware] INFO: Enabled extensions:
['scrapy.extensions.corestats.CoreStats',
 'scrapy.extensions.telnet.TelnetConsole',
 'scrapy.extensions.memusage.MemoryUsage',
 'scrapy.extensions.feedexport.FeedExporter',
 'scrapy.extensions.logstats.LogStats']
2020-08-27 10:30:39 [scrapy.middleware] INFO: Enabled downloader middlewares:
['scrapy.downloadermiddlewares.httpauth.HttpAuthMiddleware',
 'scrapy.downloadermiddlewares.downloadtimeout.DownloadTimeoutMiddleware',
 'scrapy.downloadermiddlewares.defaultheaders.DefaultHeadersMiddleware',
 'scrapy.downloadermiddlewares.useragent.UserAgentMiddleware',
 'scrapy.downloadermiddlewares.retry.RetryMiddleware',
 'scrapy.downloadermiddlewares.redirect.MetaRefreshMiddleware',
 'scrapy.downloadermiddlewares.httpcompression.HttpCompressionMiddleware',
 'scrapy.downloadermiddlewares.redirect.RedirectMiddleware',
 'scrapy.downloadermiddlewares.httpproxy.HttpProxyMiddleware',
 'scrapy.downloadermiddlewares.stats.DownloaderStats']
2020-08-27 10:30:39 [scrapy.middleware] INFO: Enabled spider middlewares:
['scrapy.spidermiddlewares.httperror.HttpErrorMiddleware',
 'scrapy.spidermiddlewares.offsite.OffsiteMiddleware',
 'scrapy.spidermiddlewares.referer.RefererMiddleware',
 'scrapy.spidermiddlewares.urllength.UrlLengthMiddleware',
 'scrapy.spidermiddlewares.depth.DepthMiddleware']
2020-08-27 10:30:39 [scrapy.middleware] INFO: Enabled item pipelines:
['Guazi.pipelines.GuaziPipeline']
2020-08-27 10:30:39 [scrapy.core.engine] INFO: Spider opened
2020-08-27 10:30:39 [scrapy.extensions.logstats] INFO: Crawled 0 pages (at 0 pages/min), scraped 0 items (at 0 items/min)
2020-08-27 10:30:39 [scrapy.extensions.telnet] INFO: Telnet console listening on 127.0.0.1:6023
2020-08-27 10:30:45 [scrapy.core.engine] INFO: Closing spider (finished)
2020-08-27 10:30:45 [scrapy.extensions.feedexport] INFO: Stored json feed (200 items) in: guazi.json
2020-08-27 10:30:45 [scrapy.statscollectors] INFO: Dumping Scrapy stats:
{'downloader/request_bytes': 6835,
 'downloader/request_count': 5,
 'downloader/request_method_count/GET': 5,
 'downloader/response_bytes': 269608,
 'downloader/response_count': 5,
 'downloader/response_status_count/200': 5,
 'elapsed_time_seconds': 6.092264,
 'finish_reason': 'finished',
 'finish_time': datetime.datetime(2020, 8, 27, 2, 30, 45, 450161),
 'item_scraped_count': 200,
 'log_count/INFO': 11,
 'memusage/max': 1124298752,
 'memusage/startup': 1124298752,
 'response_received_count': 5,
 'scheduler/dequeued': 5,
 'scheduler/dequeued/memory': 5,
 'scheduler/enqueued': 5,
 'scheduler/enqueued/memory': 5,
 'start_time': datetime.datetime(2020, 8, 27, 2, 30, 39, 357897)}
2020-08-27 10:30:45 [scrapy.core.engine] INFO: Spider closed (finished)
